[2019-07-31 11:37:31.866] [exthost] [info] extension host started
[2019-07-31 11:37:31.974] [exthost] [info] ExtensionService#_doActivateExtension GrapeCity.gc-excelviewer {"startup":false,"activationEvent":"onLanguage:plaintext"}
[2019-07-31 11:37:31.974] [exthost] [info] ExtensionService#loadCommonJSModule /root/.vscode/extensions/grapecity.gc-excelviewer-2.1.32/dist/extension
[2019-07-31 11:37:32.739] [exthost] [info] ExtensionService#_doActivateExtension ms-vscode.cpptools {"startup":false,"activationEvent":"onLanguage:cpp"}
[2019-07-31 11:37:32.739] [exthost] [info] ExtensionService#loadCommonJSModule /root/.vscode/extensions/ms-vscode.cpptools-0.24.1/dist/main
[2019-07-31 11:37:33.270] [exthost] [info] ExtensionService#_doActivateExtension vscode.debug-auto-launch {"startup":true,"activationEvent":"*"}
[2019-07-31 11:37:33.271] [exthost] [info] ExtensionService#loadCommonJSModule /opt/visual-studio-code/resources/app/extensions/debug-auto-launch/dist/extension
[2019-07-31 11:37:33.287] [exthost] [info] ExtensionService#_doActivateExtension vscode.emmet {"startup":true,"activationEvent":"*"}
[2019-07-31 11:37:33.287] [exthost] [info] ExtensionService#loadCommonJSModule /opt/visual-studio-code/resources/app/extensions/emmet/dist/extension
[2019-07-31 11:37:33.355] [exthost] [info] ExtensionService#_doActivateExtension vscode.git {"startup":true,"activationEvent":"*"}
[2019-07-31 11:37:33.355] [exthost] [info] ExtensionService#loadCommonJSModule /opt/visual-studio-code/resources/app/extensions/git/dist/main
[2019-07-31 11:37:33.742] [exthost] [info] ExtensionService#_doActivateExtension vscode.merge-conflict {"startup":true,"activationEvent":"*"}
[2019-07-31 11:37:33.742] [exthost] [info] ExtensionService#loadCommonJSModule /opt/visual-studio-code/resources/app/extensions/merge-conflict/dist/extension
[2019-07-31 11:37:34.035] [exthost] [info] eager extensions activated
[2019-07-31 11:38:01.051] [exthost] [info] ExtensionService#_doActivateExtension vscode.extension-editing {"startup":false,"activationEvent":"onLanguage:markdown"}
[2019-07-31 11:38:01.051] [exthost] [info] ExtensionService#loadCommonJSModule /opt/visual-studio-code/resources/app/extensions/extension-editing/dist/extension
[2019-07-31 11:38:01.169] [exthost] [info] ExtensionService#_doActivateExtension vscode.markdown-language-features {"startup":false,"activationEvent":"onLanguage:markdown"}
[2019-07-31 11:38:01.169] [exthost] [info] ExtensionService#loadCommonJSModule /opt/visual-studio-code/resources/app/extensions/markdown-language-features/dist/extension
[2019-07-31 11:39:24.414] [exthost] [info] ExtensionService#_doActivateExtension vscode.configuration-editing {"startup":false,"activationEvent":"onLanguage:json"}
[2019-07-31 11:39:24.414] [exthost] [info] ExtensionService#loadCommonJSModule /opt/visual-studio-code/resources/app/extensions/configuration-editing/dist/extension
[2019-07-31 11:39:24.431] [exthost] [info] ExtensionService#_doActivateExtension vscode.json-language-features {"startup":false,"activationEvent":"onLanguage:json"}
[2019-07-31 11:39:24.431] [exthost] [info] ExtensionService#loadCommonJSModule /opt/visual-studio-code/resources/app/extensions/json-language-features/client/dist/jsonMain
[2019-07-31 11:39:24.530] [exthost] [info] ExtensionService#_doActivateExtension vscode.npm {"startup":false,"activationEvent":"onLanguage:json"}
[2019-07-31 11:39:24.530] [exthost] [info] ExtensionService#loadCommonJSModule /opt/visual-studio-code/resources/app/extensions/npm/dist/main
[2019-07-31 11:39:25.493] [exthost] [info] ExtensionService#_doActivateExtension vscode.typescript-language-features {"startup":false,"activationEvent":"onLanguage:jsonc"}
[2019-07-31 11:39:25.493] [exthost] [info] ExtensionService#loadCommonJSModule /opt/visual-studio-code/resources/app/extensions/typescript-language-features/dist/extension
