[2019-07-31 08:48:10.542] [renderer1] [error] Error: [File Watcher (node.js)] Error: ENOENT: no such file or directory, stat '/home/stark/Documents/GIT/Date-Function/.vscode'
[2019-07-31 08:48:10.543] [renderer1] [error] [File Watcher (node.js)] Error: ENOENT: no such file or directory, stat '/home/stark/Documents/GIT/Date-Function/.vscode'
[2019-07-31 08:48:10.544] [renderer1] [error] Error: [File Watcher (node.js)] Error: ENOENT: no such file or directory, stat '/home/stark/Documents/GIT/Email-Function/.vscode'
[2019-07-31 08:48:10.552] [renderer1] [error] [File Watcher (node.js)] Error: ENOENT: no such file or directory, stat '/home/stark/Documents/GIT/Email-Function/.vscode'
[2019-07-31 08:48:10.553] [renderer1] [error] Error: [File Watcher (node.js)] Error: ENOENT: no such file or directory, stat '/home/stark/Documents/GIT/Name-Function/.vscode'
[2019-07-31 08:48:10.553] [renderer1] [error] [File Watcher (node.js)] Error: ENOENT: no such file or directory, stat '/home/stark/Documents/GIT/Name-Function/.vscode'
[2019-07-31 08:48:10.553] [renderer1] [error] Error: [File Watcher (node.js)] Error: ENOENT: no such file or directory, stat '/home/stark/Documents/GIT/Password-Function/.vscode'
[2019-07-31 08:48:10.554] [renderer1] [error] [File Watcher (node.js)] Error: ENOENT: no such file or directory, stat '/home/stark/Documents/GIT/Password-Function/.vscode'
[2019-07-31 08:48:10.555] [renderer1] [error] Error: [File Watcher (node.js)] Error: ENOENT: no such file or directory, stat '/home/stark/Documents/GIT/Pincode/.vscode'
[2019-07-31 08:48:10.556] [renderer1] [error] [File Watcher (node.js)] Error: ENOENT: no such file or directory, stat '/home/stark/Documents/GIT/Pincode/.vscode'
[2019-07-31 08:48:10.558] [renderer1] [error] Error: [File Watcher (node.js)] Error: ENOENT: no such file or directory, stat '/home/stark/Documents/GIT/Colour-Function/.vscode'
[2019-07-31 08:48:10.559] [renderer1] [error] [File Watcher (node.js)] Error: ENOENT: no such file or directory, stat '/home/stark/Documents/GIT/Colour-Function/.vscode'
[2019-07-31 08:48:10.560] [renderer1] [error] Error: [File Watcher (node.js)] Error: ENOENT: no such file or directory, stat '/home/stark/Documents/GIT/Description-Function/.vscode'
[2019-07-31 08:48:10.560] [renderer1] [error] [File Watcher (node.js)] Error: ENOENT: no such file or directory, stat '/home/stark/Documents/GIT/Description-Function/.vscode'
[2019-07-31 08:58:49.828] [renderer1] [error] Error: [File Watcher (node.js)] Error: ENOENT: no such file or directory, stat '/home/stark/Documents/GIT/Date-Function/.vscode'
[2019-07-31 08:58:49.829] [renderer1] [error] [File Watcher (node.js)] Error: ENOENT: no such file or directory, stat '/home/stark/Documents/GIT/Date-Function/.vscode'
[2019-07-31 08:58:49.832] [renderer1] [error] Error: [File Watcher (node.js)] Error: ENOENT: no such file or directory, stat '/home/stark/Documents/GIT/Email-Function/.vscode'
[2019-07-31 08:58:49.832] [renderer1] [error] [File Watcher (node.js)] Error: ENOENT: no such file or directory, stat '/home/stark/Documents/GIT/Email-Function/.vscode'
[2019-07-31 08:58:49.846] [renderer1] [error] Error: [File Watcher (node.js)] Error: ENOENT: no such file or directory, stat '/home/stark/Documents/GIT/Name-Function/.vscode'
[2019-07-31 08:58:49.847] [renderer1] [error] [File Watcher (node.js)] Error: ENOENT: no such file or directory, stat '/home/stark/Documents/GIT/Name-Function/.vscode'
[2019-07-31 08:58:49.847] [renderer1] [error] Error: [File Watcher (node.js)] Error: ENOENT: no such file or directory, stat '/home/stark/Documents/GIT/Password-Function/.vscode'
[2019-07-31 08:58:49.847] [renderer1] [error] [File Watcher (node.js)] Error: ENOENT: no such file or directory, stat '/home/stark/Documents/GIT/Password-Function/.vscode'
[2019-07-31 08:58:49.847] [renderer1] [error] Error: [File Watcher (node.js)] Error: ENOENT: no such file or directory, stat '/home/stark/Documents/GIT/Pincode/.vscode'
[2019-07-31 08:58:49.847] [renderer1] [error] [File Watcher (node.js)] Error: ENOENT: no such file or directory, stat '/home/stark/Documents/GIT/Pincode/.vscode'
[2019-07-31 08:58:49.849] [renderer1] [error] Error: [File Watcher (node.js)] Error: ENOENT: no such file or directory, stat '/home/stark/Documents/GIT/Colour-Function/.vscode'
[2019-07-31 08:58:49.849] [renderer1] [error] [File Watcher (node.js)] Error: ENOENT: no such file or directory, stat '/home/stark/Documents/GIT/Colour-Function/.vscode'
[2019-07-31 08:58:49.849] [renderer1] [error] Error: [File Watcher (node.js)] Error: ENOENT: no such file or directory, stat '/home/stark/Documents/GIT/Description-Function/.vscode'
[2019-07-31 08:58:49.849] [renderer1] [error] [File Watcher (node.js)] Error: ENOENT: no such file or directory, stat '/home/stark/Documents/GIT/Description-Function/.vscode'
[2019-07-31 08:58:49.849] [renderer1] [error] Error: [File Watcher (node.js)] Error: ENOENT: no such file or directory, stat '/home/stark/Documents/GIT/City-Function/.vscode'
[2019-07-31 08:58:49.849] [renderer1] [error] [File Watcher (node.js)] Error: ENOENT: no such file or directory, stat '/home/stark/Documents/GIT/City-Function/.vscode'
